<?xml version="1.0" encoding="UTF-8"?>
<!-- Generated by org.testng.reporters.JUnitXMLReporter -->
<testsuite hostname="Cihan" ignored="0" name="Main test" tests="6" failures="0" timestamp="2022-10-11T10:36:06 EET" time="8.362" errors="0">
  <testcase name="createCountry" time="0.789" classname="Campus.CountryTest"/>
  <testcase name="createCountryNegative" time="0.41" classname="Campus.CountryTest"/>
  <testcase name="updateCountry" time="0.412" classname="Campus.CountryTest"/>
  <testcase name="deleteCountryById" time="0.354" classname="Campus.CountryTest"/>
  <testcase name="deleteCountryByIdNegative" time="0.31" classname="Campus.CountryTest"/>
  <testcase name="updateCountryNegative" time="0.311" classname="Campus.CountryTest"/>
</testsuite> <!-- Main test -->
