<?xml version="1.0" encoding="UTF-8"?>
<testsuite xmlns:xsi="http://www.w3.org/2001/XMLSchema-instance" xsi:noNamespaceSchemaLocation="https://maven.apache.org/surefire/maven-surefire-plugin/xsd/surefire-test-report.xsd" name="TestSuite" time="8.911" tests="6" errors="0" skipped="0" failures="0">
  <properties>
[...]
</properties>
  <testcase name="createCountry" classname="Campus.CountryTest" time="0.79"/>
  <testcase name="createCountryNegative" classname="Campus.CountryTest" time="0.409"/>
  <testcase name="updateCountry" classname="Campus.CountryTest" time="0.412"/>
  <testcase name="deleteCountryById" classname="Campus.CountryTest" time="0.354"/>
  <testcase name="deleteCountryByIdNegative" classname="Campus.CountryTest" time="0.311"/>
  <testcase name="updateCountryNegative" classname="Campus.CountryTest" time="0.312"/>
</testsuite>